<?xml version="1.0" encoding="UTF-8"?>
<!-- Generated by org.testng.reporters.JUnitReportReporter -->
<testsuite hostname="YASH" name="com.genius.script.SampleJavaTest" tests="1" failures="0" timestamp="27 Apr 2018 05:29:29 GMT" time="0.011" errors="0">
  <testcase name="createTest" time="0.011" classname="com.genius.script.SampleJavaTest"/>
</testsuite> <!-- com.genius.script.SampleJavaTest -->
