<?xml version="1.0" encoding="UTF-8"?>
<!-- Generated by org.testng.reporters.JUnitReportReporter -->
<testsuite hostname="YASH" name="com.genius.script.SampleJavaTest" tests="1" failures="0" timestamp="26 Apr 2018 11:08:46 GMT" time="0.012" errors="0">
  <testcase name="createTest" time="0.012" classname="com.genius.script.SampleJavaTest"/>
</testsuite> <!-- com.genius.script.SampleJavaTest -->
